<?xml version="1.0" encoding="UTF-8"?>
<testng-results ignored="0" total="1" passed="0" failed="1" skipped="0">
  <reporter-output>
  </reporter-output>
  <suite started-at="2023-06-23T12:09:35 IST" name="Suite" finished-at="2023-06-23T12:09:49 IST" duration-ms="14342">
    <groups>
    </groups>
    <test started-at="2023-06-23T12:09:35 IST" name="Test" finished-at="2023-06-23T12:09:49 IST" duration-ms="14342">
      <class name="com.lmc.customerTest.OrderReviewTest">
        <test-method is-config="true" signature="extentReport()[pri:0, instance:com.lmc.customerTest.OrderReviewTest@112f364d]" started-at="2023-06-23T12:09:34 IST" name="extentReport" finished-at="2023-06-23T12:09:35 IST" duration-ms="157" status="PASS">
          <reporter-output>
          </reporter-output>
        </test-method> <!-- extentReport -->
        <test-method is-config="true" signature="launchBrower(java.lang.String)[pri:0, instance:com.lmc.customerTest.OrderReviewTest@112f364d]" started-at="2023-06-23T12:09:35 IST" name="launchBrower" finished-at="2023-06-23T12:09:36 IST" duration-ms="1548" status="PASS">
          <params>
            <param index="0">
              <value>
                <![CDATA[chrome]]>
              </value>
            </param>
          </params>
          <reporter-output>
          </reporter-output>
        </test-method> <!-- launchBrower -->
        <test-method is-config="true" signature="launchBrowerIfClosed(java.lang.String)[pri:0, instance:com.lmc.customerTest.OrderReviewTest@112f364d]" started-at="2023-06-23T12:09:36 IST" name="launchBrowerIfClosed" finished-at="2023-06-23T12:09:36 IST" duration-ms="1" status="PASS">
          <params>
            <param index="0">
              <value>
                <![CDATA[chrome]]>
              </value>
            </param>
          </params>
          <reporter-output>
          </reporter-output>
        </test-method> <!-- launchBrowerIfClosed -->
        <test-method signature="orderReview()[pri:0, instance:com.lmc.customerTest.OrderReviewTest@112f364d]" started-at="2023-06-23T12:09:36 IST" name="orderReview" finished-at="2023-06-23T12:09:49 IST" duration-ms="12354" status="FAIL">
          <exception class="org.openqa.selenium.ElementClickInterceptedException">
            <message>
              <![CDATA[element click intercepted: Element <input aria-invalid="false" id="addressLine3" name="addressLine3" placeholder="Delivery Address" readonly="" type="text" class="MuiInputBase-input MuiOutlinedInput-input MuiInputBase-inputSizeSmall css-xy4imd" value="74555 Falcon Ln, Palm Desert, CA 92260, USA"> is not clickable at point (443, 392). Other element would receive the click: <input class="PrivateSwitchBase-input css-1m9pwf3" name="controlled-radio-buttons-group" type="radio" value="487">
  (Session info: chrome=114.0.5735.134)
Build info: version: '4.8.3', revision: 'e5e76298c3'
System info: os.name: 'Windows 10', os.arch: 'amd64', os.version: '10.0', java.version: '17.0.7'
Driver info: org.openqa.selenium.chrome.ChromeDriver
Command: [c5ad5b8376f13ec301db8468fd323c73, clickElement {id=35FABF6F5DDB9548FE12ED5A24876E17_element_56}]
Capabilities {acceptInsecureCerts: false, browserName: chrome, browserVersion: 114.0.5735.134, chrome: {chromedriverVersion: 114.0.5735.90 (386bc09e8f4f..., userDataDir: C:\Users\SRINIV~1\AppData\L...}, goog:chromeOptions: {debuggerAddress: localhost:61207}, networkConnectionEnabled: false, pageLoadStrategy: normal, platformName: WINDOWS, proxy: Proxy(), se:cdp: ws://localhost:61207/devtoo..., se:cdpVersion: 114.0.5735.134, setWindowRect: true, strictFileInteractability: false, timeouts: {implicit: 0, pageLoad: 300000, script: 30000}, unhandledPromptBehavior: dismiss and notify, webauthn:extension:credBlob: true, webauthn:extension:largeBlob: true, webauthn:extension:minPinLength: true, webauthn:extension:prf: true, webauthn:virtualAuthenticators: true}
Element: [[ChromeDriver: chrome on WINDOWS (c5ad5b8376f13ec301db8468fd323c73)] -> xpath: (//input[@type='text'])[last()]]
Session ID: c5ad5b8376f13ec301db8468fd323c73]]>
            </message>
            <full-stacktrace>
              <![CDATA[org.openqa.selenium.ElementClickInterceptedException: element click intercepted: Element <input aria-invalid="false" id="addressLine3" name="addressLine3" placeholder="Delivery Address" readonly="" type="text" class="MuiInputBase-input MuiOutlinedInput-input MuiInputBase-inputSizeSmall css-xy4imd" value="74555 Falcon Ln, Palm Desert, CA 92260, USA"> is not clickable at point (443, 392). Other element would receive the click: <input class="PrivateSwitchBase-input css-1m9pwf3" name="controlled-radio-buttons-group" type="radio" value="487">
  (Session info: chrome=114.0.5735.134)
Build info: version: '4.8.3', revision: 'e5e76298c3'
System info: os.name: 'Windows 10', os.arch: 'amd64', os.version: '10.0', java.version: '17.0.7'
Driver info: org.openqa.selenium.chrome.ChromeDriver
Command: [c5ad5b8376f13ec301db8468fd323c73, clickElement {id=35FABF6F5DDB9548FE12ED5A24876E17_element_56}]
Capabilities {acceptInsecureCerts: false, browserName: chrome, browserVersion: 114.0.5735.134, chrome: {chromedriverVersion: 114.0.5735.90 (386bc09e8f4f..., userDataDir: C:\Users\SRINIV~1\AppData\L...}, goog:chromeOptions: {debuggerAddress: localhost:61207}, networkConnectionEnabled: false, pageLoadStrategy: normal, platformName: WINDOWS, proxy: Proxy(), se:cdp: ws://localhost:61207/devtoo..., se:cdpVersion: 114.0.5735.134, setWindowRect: true, strictFileInteractability: false, timeouts: {implicit: 0, pageLoad: 300000, script: 30000}, unhandledPromptBehavior: dismiss and notify, webauthn:extension:credBlob: true, webauthn:extension:largeBlob: true, webauthn:extension:minPinLength: true, webauthn:extension:prf: true, webauthn:virtualAuthenticators: true}
Element: [[ChromeDriver: chrome on WINDOWS (c5ad5b8376f13ec301db8468fd323c73)] -> xpath: (//input[@type='text'])[last()]]
Session ID: c5ad5b8376f13ec301db8468fd323c73
at java.base/jdk.internal.reflect.NativeConstructorAccessorImpl.newInstance0(Native Method)
at java.base/jdk.internal.reflect.NativeConstructorAccessorImpl.newInstance(NativeConstructorAccessorImpl.java:77)
at java.base/jdk.internal.reflect.DelegatingConstructorAccessorImpl.newInstance(DelegatingConstructorAccessorImpl.java:45)
at java.base/java.lang.reflect.Constructor.newInstanceWithCaller(Constructor.java:499)
at java.base/java.lang.reflect.Constructor.newInstance(Constructor.java:480)
at org.openqa.selenium.remote.codec.w3c.W3CHttpResponseCodec.createException(W3CHttpResponseCodec.java:200)
at org.openqa.selenium.remote.codec.w3c.W3CHttpResponseCodec.decode(W3CHttpResponseCodec.java:133)
at org.openqa.selenium.remote.codec.w3c.W3CHttpResponseCodec.decode(W3CHttpResponseCodec.java:53)
at org.openqa.selenium.remote.HttpCommandExecutor.execute(HttpCommandExecutor.java:193)
at org.openqa.selenium.remote.service.DriverCommandExecutor.invokeExecute(DriverCommandExecutor.java:183)
at org.openqa.selenium.remote.service.DriverCommandExecutor.execute(DriverCommandExecutor.java:158)
at org.openqa.selenium.remote.RemoteWebDriver.execute(RemoteWebDriver.java:543)
at org.openqa.selenium.remote.RemoteWebElement.execute(RemoteWebElement.java:257)
at org.openqa.selenium.remote.RemoteWebElement.click(RemoteWebElement.java:78)
at com.lmc.utilities.WebActionDriver.clickByWebDriverWait(WebActionDriver.java:539)
at com.lmc.customerPages.DeliveryPage.deliveryAddress(DeliveryPage.java:32)
at com.lmc.customerTest.OrderReviewTest.orderReview(OrderReviewTest.java:46)
at java.base/jdk.internal.reflect.NativeMethodAccessorImpl.invoke0(Native Method)
at java.base/jdk.internal.reflect.NativeMethodAccessorImpl.invoke(NativeMethodAccessorImpl.java:77)
at java.base/jdk.internal.reflect.DelegatingMethodAccessorImpl.invoke(DelegatingMethodAccessorImpl.java:43)
at java.base/java.lang.reflect.Method.invoke(Method.java:568)
at org.testng.internal.MethodInvocationHelper.invokeMethod(MethodInvocationHelper.java:133)
at org.testng.internal.TestInvoker.invokeMethod(TestInvoker.java:598)
at org.testng.internal.TestInvoker.invokeTestMethod(TestInvoker.java:173)
at org.testng.internal.MethodRunner.runInSequence(MethodRunner.java:46)
at org.testng.internal.TestInvoker$MethodInvocationAgent.invoke(TestInvoker.java:824)
at org.testng.internal.TestInvoker.invokeTestMethods(TestInvoker.java:146)
at org.testng.internal.TestMethodWorker.invokeTestMethods(TestMethodWorker.java:146)
at org.testng.internal.TestMethodWorker.run(TestMethodWorker.java:128)
at java.base/java.util.ArrayList.forEach(ArrayList.java:1511)
at org.testng.TestRunner.privateRun(TestRunner.java:794)
at org.testng.TestRunner.run(TestRunner.java:596)
at org.testng.SuiteRunner.runTest(SuiteRunner.java:377)
at org.testng.SuiteRunner.runSequentially(SuiteRunner.java:371)
at org.testng.SuiteRunner.privateRun(SuiteRunner.java:332)
at org.testng.SuiteRunner.run(SuiteRunner.java:276)
at org.testng.SuiteRunnerWorker.runSuite(SuiteRunnerWorker.java:53)
at org.testng.SuiteRunnerWorker.run(SuiteRunnerWorker.java:96)
at org.testng.TestNG.runSuitesSequentially(TestNG.java:1212)
at org.testng.TestNG.runSuitesLocally(TestNG.java:1134)
at org.testng.TestNG.runSuites(TestNG.java:1063)
at org.testng.TestNG.run(TestNG.java:1031)
at org.testng.remote.AbstractRemoteTestNG.run(AbstractRemoteTestNG.java:115)
at org.testng.remote.RemoteTestNG.initAndRun(RemoteTestNG.java:251)
at org.testng.remote.RemoteTestNG.main(RemoteTestNG.java:77)
]]>
            </full-stacktrace>
          </exception> <!-- org.openqa.selenium.ElementClickInterceptedException -->
          <reporter-output>
          </reporter-output>
        </test-method> <!-- orderReview -->
        <test-method is-config="true" signature="ifBrowserNotClosed(java.lang.String)[pri:0, instance:com.lmc.customerTest.OrderReviewTest@112f364d]" started-at="2023-06-23T12:09:49 IST" name="ifBrowserNotClosed" finished-at="2023-06-23T12:09:49 IST" duration-ms="191" status="PASS">
          <params>
            <param index="0">
              <value>
                <![CDATA[True]]>
              </value>
            </param>
          </params>
          <reporter-output>
          </reporter-output>
        </test-method> <!-- ifBrowserNotClosed -->
        <test-method is-config="true" signature="ifBrowserNotClose(java.lang.String)[pri:0, instance:com.lmc.customerTest.OrderReviewTest@112f364d]" started-at="2023-06-23T12:09:49 IST" name="ifBrowserNotClose" finished-at="2023-06-23T12:09:49 IST" duration-ms="0" status="PASS">
          <params>
            <param index="0">
              <value>
                <![CDATA[True]]>
              </value>
            </param>
          </params>
          <reporter-output>
          </reporter-output>
        </test-method> <!-- ifBrowserNotClose -->
        <test-method is-config="true" signature="assignAuthorAndCategory(java.lang.String,java.lang.String)[pri:0, instance:com.lmc.customerTest.OrderReviewTest@112f364d]" started-at="2023-06-23T12:09:49 IST" name="assignAuthorAndCategory" finished-at="2023-06-23T12:09:49 IST" duration-ms="2" status="PASS">
          <params>
            <param index="0">
              <value>
                <![CDATA[Srinivas]]>
              </value>
            </param>
            <param index="1">
              <value>
                <![CDATA[Smoke]]>
              </value>
            </param>
          </params>
          <reporter-output>
          </reporter-output>
        </test-method> <!-- assignAuthorAndCategory -->
        <test-method is-config="true" signature="endExtentReport()[pri:0, instance:com.lmc.customerTest.OrderReviewTest@112f364d]" started-at="2023-06-23T12:09:49 IST" name="endExtentReport" finished-at="2023-06-23T12:09:49 IST" duration-ms="243" status="PASS">
          <reporter-output>
          </reporter-output>
        </test-method> <!-- endExtentReport -->
      </class> <!-- com.lmc.customerTest.OrderReviewTest -->
    </test> <!-- Test -->
  </suite> <!-- Suite -->
</testng-results>
